<?xml version="1.0" encoding="UTF-8"?>
<testsuite xmlns:xsi="http://www.w3.org/2001/XMLSchema-instance" xsi:noNamespaceSchemaLocation="https://maven.apache.org/surefire/maven-surefire-plugin/xsd/surefire-test-report.xsd" version="3.0.2" name="com.worknest.WorknestappApplicationTests" time="6.241" tests="1" errors="0" skipped="0" failures="0">
  <properties>
[...]
</properties>
  <testcase name="contextLoads" classname="com.worknest.WorknestappApplicationTests" time="0.545">
    <system-out><![CDATA[15:31:42.000 [main] INFO org.springframework.test.context.support.AnnotationConfigContextLoaderUtils -- Could not detect default configuration classes for test class [com.worknest.WorknestappApplicationTests]: WorknestappApplicationTests does not declare any static, non-private, non-final, nested classes annotated with @Configuration.
15:31:42.132 [main] INFO org.springframework.boot.test.context.SpringBootTestContextBootstrapper -- Found @SpringBootConfiguration com.worknest.WorknestappApplication for test class com.worknest.WorknestappApplicationTests

  .   ____          _            __ _ _
 /\\ / ___'_ __ _ _(_)_ __  __ _ \ \ \ \
( ( )\___ | '_ | '_| | '_ \/ _` | \ \ \ \
 \\/  ___)| |_)| | | | | || (_| |  ) ) ) )
  '  |____| .__|_| |_|_| |_\__, | / / / /
 =========|_|==============|___/=/_/_/_/

 :: Spring Boot ::                (v3.5.5)

2025-09-03T15:31:42.650+05:30  INFO 5288 --- [WORKNESTAPP] [           main] c.worknest.WorknestappApplicationTests   : Starting WorknestappApplicationTests using Java 21.0.6 with PID 5288 (started by rajki in C:\Users\rajki\Downloads\WorkNestApp-main\WorkNestApp-main\WORKNESTAPP)
2025-09-03T15:31:42.652+05:30  INFO 5288 --- [WORKNESTAPP] [           main] c.worknest.WorknestappApplicationTests   : No active profile set, falling back to 1 default profile: "default"
2025-09-03T15:31:43.580+05:30  INFO 5288 --- [WORKNESTAPP] [           main] .s.d.r.c.RepositoryConfigurationDelegate : Bootstrapping Spring Data JPA repositories in DEFAULT mode.
2025-09-03T15:31:43.645+05:30  INFO 5288 --- [WORKNESTAPP] [           main] .s.d.r.c.RepositoryConfigurationDelegate : Finished Spring Data repository scanning in 56 ms. Found 4 JPA repository interfaces.
2025-09-03T15:31:44.289+05:30  INFO 5288 --- [WORKNESTAPP] [           main] o.hibernate.jpa.internal.util.LogHelper  : HHH000204: Processing PersistenceUnitInfo [name: default]
2025-09-03T15:31:44.345+05:30  INFO 5288 --- [WORKNESTAPP] [           main] org.hibernate.Version                    : HHH000412: Hibernate ORM core version 6.6.26.Final
2025-09-03T15:31:44.370+05:30  INFO 5288 --- [WORKNESTAPP] [           main] o.h.c.internal.RegionFactoryInitiator    : HHH000026: Second-level cache disabled
2025-09-03T15:31:44.778+05:30  INFO 5288 --- [WORKNESTAPP] [           main] o.s.o.j.p.SpringPersistenceUnitInfo      : No LoadTimeWeaver setup: ignoring JPA class transformer
2025-09-03T15:31:44.824+05:30  INFO 5288 --- [WORKNESTAPP] [           main] com.zaxxer.hikari.HikariDataSource       : HikariPool-1 - Starting...
2025-09-03T15:31:45.046+05:30  INFO 5288 --- [WORKNESTAPP] [           main] com.zaxxer.hikari.pool.HikariPool        : HikariPool-1 - Added connection conn0: url=jdbc:h2:mem:worknestdb user=SA
2025-09-03T15:31:45.049+05:30  INFO 5288 --- [WORKNESTAPP] [           main] com.zaxxer.hikari.HikariDataSource       : HikariPool-1 - Start completed.
2025-09-03T15:31:45.126+05:30  INFO 5288 --- [WORKNESTAPP] [           main] org.hibernate.orm.connections.pooling    : HHH10001005: Database info:
	Database JDBC URL [Connecting through datasource 'HikariDataSource (HikariPool-1)']
	Database driver: undefined/unknown
	Database version: 2.3.232
	Autocommit mode: undefined/unknown
	Isolation level: undefined/unknown
	Minimum pool size: undefined/unknown
	Maximum pool size: undefined/unknown
2025-09-03T15:31:45.960+05:30  INFO 5288 --- [WORKNESTAPP] [           main] o.h.e.t.j.p.i.JtaPlatformInitiator       : HHH000489: No JTA platform available (set 'hibernate.transaction.jta.platform' to enable JTA platform integration)
Hibernate: 
    create table comments (
        id bigint generated by default as identity,
        content varchar(2000) not null,
        created_at timestamp(6) not null,
        task_id bigint,
        user_id bigint,
        primary key (id)
    )
Hibernate: 
    create table roles (
        id bigint generated by default as identity,
        name varchar(255) not null,
        primary key (id)
    )
Hibernate: 
    create table tasks (
        id bigint generated by default as identity,
        description varchar(2000),
        due_date date not null,
        start_date date not null,
        status enum ('COMPLETED','DELAYED','IN_PROGRESS','PENDING') not null,
        title varchar(255) not null,
        primary key (id)
    )
Hibernate: 
    create table tasks_users (
        task_id bigint not null,
        user_id bigint not null,
        primary key (task_id, user_id)
    )
Hibernate: 
    create table users (
        id bigint generated by default as identity,
        email varchar(255) not null,
        full_name varchar(255) not null,
        password varchar(255) not null,
        username varchar(255) not null,
        primary key (id)
    )
Hibernate: 
    create table users_roles (
        user_id bigint not null,
        role_id bigint not null,
        primary key (user_id, role_id)
    )
Hibernate: 
    alter table if exists roles 
       drop constraint if exists UKofx66keruapi6vyqpv6f2or37
Hibernate: 
    alter table if exists roles 
       add constraint UKofx66keruapi6vyqpv6f2or37 unique (name)
Hibernate: 
    alter table if exists users 
       drop constraint if exists UK6dotkott2kjsp8vw4d0m25fb7
Hibernate: 
    alter table if exists users 
       add constraint UK6dotkott2kjsp8vw4d0m25fb7 unique (email)
Hibernate: 
    alter table if exists users 
       drop constraint if exists UKr43af9ap4edm43mmtq01oddj6
Hibernate: 
    alter table if exists users 
       add constraint UKr43af9ap4edm43mmtq01oddj6 unique (username)
Hibernate: 
    alter table if exists comments 
       add constraint FKi7pp0331nbiwd2844kg78kfwb 
       foreign key (task_id) 
       references tasks
Hibernate: 
    alter table if exists comments 
       add constraint FK8omq0tc18jd43bu5tjh6jvraq 
       foreign key (user_id) 
       references users
Hibernate: 
    alter table if exists tasks_users 
       add constraint FKnvu8guschqrte5nigrdj4hyjd 
       foreign key (user_id) 
       references users
Hibernate: 
    alter table if exists tasks_users 
       add constraint FKt2mvoymx38r8iybah8853ifv4 
       foreign key (task_id) 
       references tasks
Hibernate: 
    alter table if exists users_roles 
       add constraint FKj6m8fwv7oqv74fcehir1a9ffy 
       foreign key (role_id) 
       references roles
Hibernate: 
    alter table if exists users_roles 
       add constraint FK2o0jvgh89lemvvo17cbqvdxaa 
       foreign key (user_id) 
       references users
2025-09-03T15:31:46.057+05:30  INFO 5288 --- [WORKNESTAPP] [           main] j.LocalContainerEntityManagerFactoryBean : Initialized JPA EntityManagerFactory for persistence unit 'default'
2025-09-03T15:31:46.668+05:30  WARN 5288 --- [WORKNESTAPP] [           main] JpaBaseConfiguration$JpaWebConfiguration : spring.jpa.open-in-view is enabled by default. Therefore, database queries may be performed during view rendering. Explicitly configure spring.jpa.open-in-view to disable this warning
2025-09-03T15:31:46.968+05:30  INFO 5288 --- [WORKNESTAPP] [           main] eAuthenticationProviderManagerConfigurer : Global AuthenticationManager configured with AuthenticationProvider bean with name authenticationProvider
2025-09-03T15:31:46.969+05:30  WARN 5288 --- [WORKNESTAPP] [           main] r$InitializeUserDetailsManagerConfigurer : Global AuthenticationManager configured with an AuthenticationProvider bean. UserDetailsService beans will not be used by Spring Security for automatically configuring username/password login. Consider removing the AuthenticationProvider bean. Alternatively, consider using the UserDetailsService in a manually instantiated DaoAuthenticationProvider. If the current configuration is intentional, to turn off this warning, increase the logging level of 'org.springframework.security.config.annotation.authentication.configuration.InitializeUserDetailsBeanManagerConfigurer' to ERROR
2025-09-03T15:31:47.385+05:30  INFO 5288 --- [WORKNESTAPP] [           main] o.s.b.a.h2.H2ConsoleAutoConfiguration    : H2 console available at '/h2-console'. Database available at 'jdbc:h2:mem:worknestdb'
2025-09-03T15:31:47.509+05:30  INFO 5288 --- [WORKNESTAPP] [           main] c.worknest.WorknestappApplicationTests   : Started WorknestappApplicationTests in 5.208 seconds (process running for 6.289)
]]></system-out>
    <system-err><![CDATA[Mockito is currently self-attaching to enable the inline-mock-maker. This will no longer work in future releases of the JDK. Please add Mockito as an agent to your build as described in Mockito's documentation: https://javadoc.io/doc/org.mockito/mockito-core/latest/org.mockito/org/mockito/Mockito.html#0.3
WARNING: A Java agent has been loaded dynamically (C:\Users\rajki\.m2\repository\net\bytebuddy\byte-buddy-agent\1.17.7\byte-buddy-agent-1.17.7.jar)
WARNING: If a serviceability tool is in use, please run with -XX:+EnableDynamicAgentLoading to hide this warning
WARNING: If a serviceability tool is not in use, please run with -Djdk.instrument.traceUsage for more information
WARNING: Dynamic loading of agents will be disallowed by default in a future release
]]></system-err>
  </testcase>
</testsuite>